<?xml version="1.0" encoding="UTF-8"?>
<!-- Generated by org.testng.reporters.JUnitReportReporter -->
<testsuite hostname="LAPTOP-QEHBLUVJ" failures="0" tests="3" name="a7Assertion.HardAssertion" time="4.912" errors="0" timestamp="2022-04-10T09:56:35 IST" skipped="0">
  <testcase classname="a7Assertion.HardAssertion" name="Test2" time="0.123"/>
  <system-out/>
  <testcase classname="a7Assertion.HardAssertion" name="Test3" time="4.425"/>
  <system-out/>
  <testcase classname="a7Assertion.HardAssertion" name="Test1" time="0.364"/>
  <system-out/>
</testsuite> <!-- a7Assertion.HardAssertion -->
