<?xml version="1.0" encoding="UTF-8"?>
<!-- Generated by org.testng.reporters.JUnitReportReporter -->
<testsuite hostname="LAPTOP-QEHBLUVJ" failures="0" tests="2" name="a2Annotation.AnnotationAll" time="0.017" errors="0" timestamp="2022-03-30T11:39:52 IST" skipped="0">
  <testcase classname="a2Annotation.AnnotationAll" name="Test2" time="0.005"/>
  <system-out/>
  <testcase classname="a2Annotation.AnnotationAll" name="Test1" time="0.012"/>
  <system-out/>
</testsuite> <!-- a2Annotation.AnnotationAll -->
