<?xml version="1.0" encoding="UTF-8"?>
<!-- Generated by org.testng.reporters.JUnitReportReporter -->
<testsuite hostname="LAPTOP-QEHBLUVJ" failures="0" tests="1" name="a2Annotation.Class1" time="0.239" errors="0" timestamp="2022-03-30T10:25:34 IST" skipped="0">
  <testcase classname="a2Annotation.Class1" name="verifyTitle" time="0.239"/>
  <system-out/>
</testsuite> <!-- a2Annotation.Class1 -->
