<?xml version="1.0" encoding="UTF-8"?>
<!-- Generated by org.testng.reporters.JUnitReportReporter -->
<testsuite hostname="LAPTOP-QEHBLUVJ" failures="0" tests="2" name="a5ParallelTesting.ParralelTest" time="69.593" errors="0" timestamp="2022-04-07T10:40:20 IST" skipped="0">
  <testcase classname="a5ParallelTesting.ParralelTest" name="test2" time="31.922"/>
  <system-out/>
  <testcase classname="a5ParallelTesting.ParralelTest" name="test1" time="37.671"/>
  <system-out/>
</testsuite> <!-- a5ParallelTesting.ParralelTest -->
