<?xml version="1.0" encoding="UTF-8"?>
<!-- Generated by org.testng.reporters.JUnitReportReporter -->
<testsuite hostname="LAPTOP-QEHBLUVJ" failures="0" tests="1" name="a2Annotation.Annotation" time="1.349" errors="0" timestamp="2022-03-30T10:07:38 IST" skipped="0">
  <testcase classname="a2Annotation.Annotation" name="sendkeys" time="1.349"/>
  <system-out/>
</testsuite> <!-- a2Annotation.Annotation -->
