<?xml version="1.0" encoding="UTF-8"?>
<!-- Generated by org.testng.reporters.JUnitReportReporter -->
<testsuite hostname="LAPTOP-QEHBLUVJ" failures="0" tests="1" name="a1TestNGDemo.TestNGBasic" time="0.014" errors="0" timestamp="2022-03-29T09:33:25 IST" skipped="0">
  <testcase classname="a1TestNGDemo.TestNGBasic" name="login" time="0.014"/>
  <system-out/>
</testsuite> <!-- a1TestNGDemo.TestNGBasic -->
