<?xml version="1.0" encoding="UTF-8"?>
<!-- Generated by org.testng.reporters.JUnitReportReporter -->
<testsuite hostname="LAPTOP-QEHBLUVJ" failures="0" tests="3" name="a1TestNGDemo.Automation" time="116.616" errors="0" timestamp="2022-04-01T20:58:47 IST" skipped="0">
  <testcase classname="a1TestNGDemo.Automation" name="click" time="0.011"/>
  <system-out/>
  <testcase classname="a1TestNGDemo.Automation" name="Quite" time="4.311"/>
  <system-out/>
  <testcase classname="a1TestNGDemo.Automation" name="facebookpage" time="112.294"/>
  <system-out/>
</testsuite> <!-- a1TestNGDemo.Automation -->
