<?xml version="1.0" encoding="UTF-8"?>
<!-- Generated by org.testng.reporters.JUnitReportReporter -->
<testsuite hostname="LAPTOP-QEHBLUVJ" failures="0" tests="3" name="a3ScreenShot.screenshot$Automation" time="13.410" errors="0" timestamp="2022-04-01T17:49:24 IST" skipped="0">
  <testcase classname="a3ScreenShot.screenshot$Automation" name="screenshot" time="3.528"/>
  <system-out/>
  <testcase classname="a3ScreenShot.screenshot$Automation" name="screenshot" time="3.867"/>
  <system-out/>
  <testcase classname="a3ScreenShot.screenshot$Automation" name="screenshot" time="6.015"/>
  <system-out/>
</testsuite> <!-- a3ScreenShot.screenshot$Automation -->
