<?xml version="1.0" encoding="UTF-8"?>
<!-- Generated by org.testng.reporters.JUnitReportReporter -->
<testsuite hostname="LAPTOP-QEHBLUVJ" failures="0" tests="3" name="a2Annotation.AnnotationAll2" time="0.022" errors="0" timestamp="2022-03-30T11:53:17 IST" skipped="0">
  <testcase classname="a2Annotation.AnnotationAll2" name="Test1" time="0.014"/>
  <system-out/>
  <testcase classname="a2Annotation.AnnotationAll2" name="Test1AnnotationAll2" time="0.003"/>
  <system-out/>
  <testcase classname="a2Annotation.AnnotationAll2" name="Test2" time="0.005"/>
  <system-out/>
</testsuite> <!-- a2Annotation.AnnotationAll2 -->
