<?xml version="1.0" encoding="UTF-8"?>
<!-- Generated by org.testng.reporters.JUnitReportReporter -->
<testsuite hostname="LAPTOP-QEHBLUVJ" failures="0" tests="2" name="a2Annotation.Basic" time="0.008" errors="0" timestamp="2022-03-30T09:48:59 IST" skipped="0">
  <testcase classname="a2Annotation.Basic" name="grand" time="0.002"/>
  <system-out/>
  <testcase classname="a2Annotation.Basic" name="middle" time="0.006"/>
  <system-out/>
</testsuite> <!-- a2Annotation.Basic -->
