<?xml version="1.0" encoding="UTF-8"?>
<!-- Generated by org.testng.reporters.JUnitReportReporter -->
<testsuite hostname="LAPTOP-QEHBLUVJ" failures="0" tests="1" name="orangeHrTestCases.LoginTest" time="10.031" errors="0" timestamp="2022-04-15T14:58:33 IST" skipped="0">
  <testcase classname="orangeHrTestCases.LoginTest" name="verifyLogin" time="10.031"/>
  <system-out/>
</testsuite> <!-- orangeHrTestCases.LoginTest -->
